C:\USERS\PROMEC\DESKTOP\PLUGINEDGECFD\BUILD2\CMAKEFILES\GENERATE.STAMP
C:\USERS\PROMEC\DESKTOP\PLUGINEDGECFD\BUILD2\DEBUG\RUNEDGECFD.PDB
C:\USERS\PROMEC\DESKTOP\PLUGINEDGECFD\BUILD2\MOC_CONFIGANSYS.CXX
C:\USERS\PROMEC\DESKTOP\PLUGINEDGECFD\BUILD2\MOC_FORMORDENADO.CXX
C:\USERS\PROMEC\DESKTOP\PLUGINEDGECFD\BUILD2\MOC_FORMS.CXX
C:\USERS\PROMEC\DESKTOP\PLUGINEDGECFD\BUILD2\MOC_IO.CXX
C:\USERS\PROMEC\DESKTOP\PLUGINEDGECFD\BUILD2\MOC_RESOURCE.CXX
C:\USERS\PROMEC\DESKTOP\PLUGINEDGECFD\BUILD2\MOC_RESOURCE1.CXX
C:\USERS\PROMEC\DESKTOP\PLUGINEDGECFD\BUILD2\MOC_RESOURCE2.CXX
C:\USERS\PROMEC\DESKTOP\PLUGINEDGECFD\BUILD2\MOC_RUNEDGECFD.CXX
C:\USERS\PROMEC\DESKTOP\PLUGINEDGECFD\BUILD2\MOC_VIEWVTK.CXX
C:\USERS\PROMEC\DESKTOP\PLUGINEDGECFD\BUILD2\QRC_RUNEDGECFD.CXX
C:\Users\PROMEC\Desktop\PluginEdgeCFD\build2\runEdgeCFD.dir\Debug\cl.command.1.tlog
C:\Users\PROMEC\Desktop\PluginEdgeCFD\build2\runEdgeCFD.dir\Debug\CL.read.1.tlog
C:\Users\PROMEC\Desktop\PluginEdgeCFD\build2\runEdgeCFD.dir\Debug\CL.write.1.tlog
C:\USERS\PROMEC\DESKTOP\PLUGINEDGECFD\BUILD2\RUNEDGECFD.DIR\DEBUG\CONFIGANSYS.OBJ
C:\Users\PROMEC\Desktop\PluginEdgeCFD\build2\runEdgeCFD.dir\Debug\custombuild.command.1.tlog
C:\Users\PROMEC\Desktop\PluginEdgeCFD\build2\runEdgeCFD.dir\Debug\custombuild.read.1.tlog
C:\Users\PROMEC\Desktop\PluginEdgeCFD\build2\runEdgeCFD.dir\Debug\custombuild.write.1.tlog
C:\USERS\PROMEC\DESKTOP\PLUGINEDGECFD\BUILD2\RUNEDGECFD.DIR\DEBUG\IO.OBJ
C:\Users\PROMEC\Desktop\PluginEdgeCFD\build2\runEdgeCFD.dir\Debug\link.command.1.tlog
C:\Users\PROMEC\Desktop\PluginEdgeCFD\build2\runEdgeCFD.dir\Debug\link.read.1.tlog
C:\Users\PROMEC\Desktop\PluginEdgeCFD\build2\runEdgeCFD.dir\Debug\link.write.1.tlog
C:\Users\PROMEC\Desktop\PluginEdgeCFD\build2\runEdgeCFD.dir\Debug\link-cvtres.read.1.tlog
C:\Users\PROMEC\Desktop\PluginEdgeCFD\build2\runEdgeCFD.dir\Debug\link-cvtres.write.1.tlog
C:\USERS\PROMEC\DESKTOP\PLUGINEDGECFD\BUILD2\RUNEDGECFD.DIR\DEBUG\MAIN.OBJ
C:\USERS\PROMEC\DESKTOP\PLUGINEDGECFD\BUILD2\RUNEDGECFD.DIR\DEBUG\MOC_CONFIGANSYS.OBJ
C:\USERS\PROMEC\DESKTOP\PLUGINEDGECFD\BUILD2\RUNEDGECFD.DIR\DEBUG\MOC_FORMORDENADO.OBJ
C:\USERS\PROMEC\DESKTOP\PLUGINEDGECFD\BUILD2\RUNEDGECFD.DIR\DEBUG\MOC_FORMS.OBJ
C:\USERS\PROMEC\DESKTOP\PLUGINEDGECFD\BUILD2\RUNEDGECFD.DIR\DEBUG\MOC_IO.OBJ
C:\USERS\PROMEC\DESKTOP\PLUGINEDGECFD\BUILD2\RUNEDGECFD.DIR\DEBUG\MOC_RESOURCE.OBJ
C:\USERS\PROMEC\DESKTOP\PLUGINEDGECFD\BUILD2\RUNEDGECFD.DIR\DEBUG\MOC_RESOURCE1.OBJ
C:\USERS\PROMEC\DESKTOP\PLUGINEDGECFD\BUILD2\RUNEDGECFD.DIR\DEBUG\MOC_RESOURCE2.OBJ
C:\USERS\PROMEC\DESKTOP\PLUGINEDGECFD\BUILD2\RUNEDGECFD.DIR\DEBUG\MOC_RUNEDGECFD.OBJ
C:\USERS\PROMEC\DESKTOP\PLUGINEDGECFD\BUILD2\RUNEDGECFD.DIR\DEBUG\MOC_VIEWVTK.OBJ
C:\USERS\PROMEC\DESKTOP\PLUGINEDGECFD\BUILD2\RUNEDGECFD.DIR\DEBUG\QRC_RUNEDGECFD.OBJ
C:\Users\PROMEC\Desktop\PluginEdgeCFD\build2\runEdgeCFD.dir\Debug\rc.command.1.tlog
C:\Users\PROMEC\Desktop\PluginEdgeCFD\build2\runEdgeCFD.dir\Debug\rc.read.1.tlog
C:\Users\PROMEC\Desktop\PluginEdgeCFD\build2\runEdgeCFD.dir\Debug\rc.write.1.tlog
C:\Users\PROMEC\Desktop\PluginEdgeCFD\build2\runEdgeCFD.dir\Debug\runEdgeCFD.exe.embed.manifest
C:\USERS\PROMEC\DESKTOP\PLUGINEDGECFD\BUILD2\RUNEDGECFD.DIR\DEBUG\RUNEDGECFD.EXE.EMBED.MANIFEST.RES
C:\Users\PROMEC\Desktop\PluginEdgeCFD\build2\runEdgeCFD.dir\Debug\runEdgeCFD.exe.intermediate.manifest
C:\USERS\PROMEC\DESKTOP\PLUGINEDGECFD\BUILD2\RUNEDGECFD.DIR\DEBUG\RUNEDGECFD.OBJ
C:\Users\PROMEC\Desktop\PluginEdgeCFD\build2\runEdgeCFD.dir\Debug\runEdgeCFD.write.1.tlog
C:\Users\PROMEC\Desktop\PluginEdgeCFD\build2\runEdgeCFD.dir\Debug\runEdgeCFD_manifest.rc
C:\USERS\PROMEC\DESKTOP\PLUGINEDGECFD\BUILD2\RUNEDGECFD.DIR\DEBUG\VIEWVTK.OBJ
C:\USERS\PROMEC\DESKTOP\PLUGINEDGECFD\BUILD2\UI_CONFIGANSYS.H
C:\USERS\PROMEC\DESKTOP\PLUGINEDGECFD\BUILD2\UI_MENUANSYS.H
C:\USERS\PROMEC\DESKTOP\PLUGINEDGECFD\BUILD2\UI_RUNEDGECFD.H
