Build started 1/24/2014 12:22:19 AM.
     1>Project "C:\Users\PROMEC\Desktop\PluginEdgeCFD\build2\runEdgeCFD.vcxproj" on node 2 (build target(s)).
     1>InitializeBuildStatus:
         Touching "runEdgeCFD.dir\Debug\runEdgeCFD.unsuccessfulbuild".
       CustomBuild:
         All outputs are up-to-date.
       ClCompile:
         C:\Program Files (x86)\Microsoft Visual Studio 10.0\VC\bin\x86_amd64\CL.exe /c /I"C:/VTK/include/vtk-5.10" /I"C:/Qt/4.8.2-x64/include" /I"C:/Qt/4.8.2-x64/include/QtGui" /I"C:/Qt/4.8.2-x64/include/QtCore" /IC:/Users/PROMEC/Desktop/PluginEdgeCFD/build2 /IC:/Users/PROMEC/Desktop/PluginEdgeCFD /IC:/Users/PROMEC/Desktop/PluginEdgeCFD/FlowSsh/include /Zi /nologo /W3 /WX- /Od /Ob0 /D WIN32 /D _WINDOWS /D _DEBUG /D QT_DLL /D QT_GUI_LIB /D QT_CORE_LIB /D QT_GUI_LIBS /D QT_CORE_LIB /D QT3_SUPPORT /D QT_DLL /D QT_DEBUG /D "CMAKE_INTDIR=\"Debug\"" /D _MBCS /Gm- /EHsc /RTC1 /MDd /GS /fp:precise /Zc:wchar_t /Zc:forScope /GR /Fo"runEdgeCFD.dir\Debug\\" /Fd"C:/Users/PROMEC/Desktop/PluginEdgeCFD/build2/Debug/runEdgeCFD.pdb" /Gd /TP /errorReport:prompt ..\runedgecfd.cpp
         runedgecfd.cpp
     1>..\runedgecfd.cpp(10): warning C4273: 'SetFileAttributesA' : inconsistent dll linkage
                 C:\Program Files (x86)\Microsoft SDKs\Windows\v7.0A\include\winbase.h(9358) : see previous definition of 'SetFileAttributesA'
     1>..\runedgecfd.cpp(317): warning C4996: 'freopen': This function or variable may be unsafe. Consider using freopen_s instead. To disable deprecation, use _CRT_SECURE_NO_WARNINGS. See online help for details.
                 C:\Program Files (x86)\Microsoft Visual Studio 10.0\VC\include\stdio.h(249) : see declaration of 'freopen'
     1>..\runedgecfd.cpp(915): warning C4996: 'fopen': This function or variable may be unsafe. Consider using fopen_s instead. To disable deprecation, use _CRT_SECURE_NO_WARNINGS. See online help for details.
                 C:\Program Files (x86)\Microsoft Visual Studio 10.0\VC\include\stdio.h(234) : see declaration of 'fopen'
     1>..\runedgecfd.cpp(1407): warning C4996: 'getenv': This function or variable may be unsafe. Consider using _dupenv_s instead. To disable deprecation, use _CRT_SECURE_NO_WARNINGS. See online help for details.
                 C:\Program Files (x86)\Microsoft Visual Studio 10.0\VC\include\stdlib.h(433) : see declaration of 'getenv'
       ManifestResourceCompile:
         All outputs are up-to-date.
       Link:
         C:\Program Files (x86)\Microsoft Visual Studio 10.0\VC\bin\x86_amd64\link.exe /ERRORREPORT:PROMPT /OUT:"C:\Users\PROMEC\Desktop\PluginEdgeCFD\build2\Debug\runEdgeCFD.exe" /INCREMENTAL /NOLOGO /LIBPATH:C:\Users\PROMEC\Desktop\PluginEdgeCFD\FlowSsh\lib kernel32.lib user32.lib gdi32.lib winspool.lib shell32.lib ole32.lib oleaut32.lib uuid.lib comdlg32.lib advapi32.lib "C:\Qt\4.8.2-x64\lib\qtmaind.lib" "C:\VTK\lib\vtk-5.10\QVTK.lib" "C:\Qt\4.8.2-x64\lib\QtGuid4.lib" "C:\Qt\4.8.2-x64\lib\QtCored4.lib" "C:\VTK\lib\vtk-5.10\vtkRendering.lib" "C:\VTK\lib\vtk-5.10\vtkIO.lib" "C:\VTK\lib\vtk-5.10\vtkCommon.lib" FlowSshC64.lib "C:\Qt\4.8.2-x64\lib\QtSqld4.lib" "C:\Qt\4.8.2-x64\lib\QtNetworkd4.lib" "C:\VTK\lib\vtk-5.10\vtkViews.lib" "C:\VTK\lib\vtk-5.10\vtkInfovis.lib" "C:\VTK\lib\vtk-5.10\vtkWidgets.lib" "C:\VTK\lib\vtk-5.10\vtkHybrid.lib" "C:\VTK\lib\vtk-5.10\vtkVolumeRendering.lib" "C:\VTK\lib\vtk-5.10\vtkGraphics.lib" "C:\VTK\lib\vtk-5.10\vtkImaging.lib" "C:\VTK\lib\vtk-5.10\vtkFiltering.lib" "C:\VTK\lib\vtk-5.10\vtksys.lib" ws2_32.lib /MANIFEST /ManifestFile:"runEdgeCFD.dir\Debug\runEdgeCFD.exe.intermediate.manifest" /MANIFESTUAC:"level='asInvoker' uiAccess='false'" /DEBUG /PDB:"C:/Users/PROMEC/Desktop/PluginEdgeCFD/build2/Debug/runEdgeCFD.pdb" /SUBSYSTEM:WINDOWS /TLBID:1 /DYNAMICBASE /NXCOMPAT /IMPLIB:"C:/Users/PROMEC/Desktop/PluginEdgeCFD/build2/Debug/runEdgeCFD.lib" /MACHINE:X64 runEdgeCFD.dir\Debug\runEdgeCFD.exe.embed.manifest.res
         runEdgeCFD.dir\Debug\configansys.obj
         runEdgeCFD.dir\Debug\io.obj
         runEdgeCFD.dir\Debug\main.obj
         runEdgeCFD.dir\Debug\runedgecfd.obj
         runEdgeCFD.dir\Debug\ViewVtk.obj
         runEdgeCFD.dir\Debug\moc_configansys.obj
         runEdgeCFD.dir\Debug\moc_formOrdenado.obj
         runEdgeCFD.dir\Debug\moc_forms.obj
         runEdgeCFD.dir\Debug\moc_io.obj
         runEdgeCFD.dir\Debug\moc_resource.obj
         runEdgeCFD.dir\Debug\moc_resource1.obj
         runEdgeCFD.dir\Debug\moc_resource2.obj
         runEdgeCFD.dir\Debug\moc_runedgecfd.obj
         runEdgeCFD.dir\Debug\moc_ViewVtk.obj
         runEdgeCFD.dir\Debug\qrc_runedgecfd.obj  /machine:x64 /debug 
         runEdgeCFD.vcxproj -> C:\Users\PROMEC\Desktop\PluginEdgeCFD\build2\Debug\runEdgeCFD.exe
       Manifest:
         C:\Program Files (x86)\Microsoft SDKs\Windows\v7.0A\bin\mt.exe /nologo /verbose /out:"runEdgeCFD.dir\Debug\runEdgeCFD.exe.embed.manifest" /manifest runEdgeCFD.dir\Debug\runEdgeCFD.exe.intermediate.manifest
         C:\Program Files (x86)\Microsoft SDKs\Windows\v7.0A\bin\rc.exe /nologo /fo"runEdgeCFD.dir\Debug\runEdgeCFD.exe.embed.manifest.res" runEdgeCFD.dir\Debug\runEdgeCFD_manifest.rc 
       LinkEmbedManifest:
         C:\Program Files (x86)\Microsoft Visual Studio 10.0\VC\bin\x86_amd64\link.exe /ERRORREPORT:PROMPT /OUT:"C:\Users\PROMEC\Desktop\PluginEdgeCFD\build2\Debug\runEdgeCFD.exe" /INCREMENTAL /NOLOGO /LIBPATH:C:\Users\PROMEC\Desktop\PluginEdgeCFD\FlowSsh\lib kernel32.lib user32.lib gdi32.lib winspool.lib shell32.lib ole32.lib oleaut32.lib uuid.lib comdlg32.lib advapi32.lib "C:\Qt\4.8.2-x64\lib\qtmaind.lib" "C:\VTK\lib\vtk-5.10\QVTK.lib" "C:\Qt\4.8.2-x64\lib\QtGuid4.lib" "C:\Qt\4.8.2-x64\lib\QtCored4.lib" "C:\VTK\lib\vtk-5.10\vtkRendering.lib" "C:\VTK\lib\vtk-5.10\vtkIO.lib" "C:\VTK\lib\vtk-5.10\vtkCommon.lib" FlowSshC64.lib "C:\Qt\4.8.2-x64\lib\QtSqld4.lib" "C:\Qt\4.8.2-x64\lib\QtNetworkd4.lib" "C:\VTK\lib\vtk-5.10\vtkViews.lib" "C:\VTK\lib\vtk-5.10\vtkInfovis.lib" "C:\VTK\lib\vtk-5.10\vtkWidgets.lib" "C:\VTK\lib\vtk-5.10\vtkHybrid.lib" "C:\VTK\lib\vtk-5.10\vtkVolumeRendering.lib" "C:\VTK\lib\vtk-5.10\vtkGraphics.lib" "C:\VTK\lib\vtk-5.10\vtkImaging.lib" "C:\VTK\lib\vtk-5.10\vtkFiltering.lib" "C:\VTK\lib\vtk-5.10\vtksys.lib" ws2_32.lib /MANIFEST /ManifestFile:"runEdgeCFD.dir\Debug\runEdgeCFD.exe.intermediate.manifest" /MANIFESTUAC:"level='asInvoker' uiAccess='false'" /DEBUG /PDB:"C:/Users/PROMEC/Desktop/PluginEdgeCFD/build2/Debug/runEdgeCFD.pdb" /SUBSYSTEM:WINDOWS /TLBID:1 /DYNAMICBASE /NXCOMPAT /IMPLIB:"C:/Users/PROMEC/Desktop/PluginEdgeCFD/build2/Debug/runEdgeCFD.lib" /MACHINE:X64 runEdgeCFD.dir\Debug\runEdgeCFD.exe.embed.manifest.res
         runEdgeCFD.dir\Debug\configansys.obj
         runEdgeCFD.dir\Debug\io.obj
         runEdgeCFD.dir\Debug\main.obj
         runEdgeCFD.dir\Debug\runedgecfd.obj
         runEdgeCFD.dir\Debug\ViewVtk.obj
         runEdgeCFD.dir\Debug\moc_configansys.obj
         runEdgeCFD.dir\Debug\moc_formOrdenado.obj
         runEdgeCFD.dir\Debug\moc_forms.obj
         runEdgeCFD.dir\Debug\moc_io.obj
         runEdgeCFD.dir\Debug\moc_resource.obj
         runEdgeCFD.dir\Debug\moc_resource1.obj
         runEdgeCFD.dir\Debug\moc_resource2.obj
         runEdgeCFD.dir\Debug\moc_runedgecfd.obj
         runEdgeCFD.dir\Debug\moc_ViewVtk.obj
         runEdgeCFD.dir\Debug\qrc_runedgecfd.obj  /machine:x64 /debug 
         runEdgeCFD.vcxproj -> C:\Users\PROMEC\Desktop\PluginEdgeCFD\build2\Debug\runEdgeCFD.exe
       FinalizeBuildStatus:
         Deleting file "runEdgeCFD.dir\Debug\runEdgeCFD.unsuccessfulbuild".
         Touching "runEdgeCFD.dir\Debug\runEdgeCFD.lastbuildstate".
     1>Done Building Project "C:\Users\PROMEC\Desktop\PluginEdgeCFD\build2\runEdgeCFD.vcxproj" (build target(s)).

Build succeeded.

Time Elapsed 00:00:06.17
