C:\USERS\PROMEC\DOCUMENTS\LAMCE\EDGE_CFD\RUNEDGECFD\PLUGINEDGECFD\BUILD\CMAKEFILES\GENERATE.STAMP
C:\USERS\PROMEC\DOCUMENTS\LAMCE\EDGE_CFD\RUNEDGECFD\PLUGINEDGECFD\BUILD\DEBUG\RUNEDGECFD.EXE
C:\USERS\PROMEC\DOCUMENTS\LAMCE\EDGE_CFD\RUNEDGECFD\PLUGINEDGECFD\BUILD\DEBUG\RUNEDGECFD.ILK
C:\USERS\PROMEC\DOCUMENTS\LAMCE\EDGE_CFD\RUNEDGECFD\PLUGINEDGECFD\BUILD\DEBUG\RUNEDGECFD.PDB
C:\USERS\PROMEC\DOCUMENTS\LAMCE\EDGE_CFD\RUNEDGECFD\PLUGINEDGECFD\BUILD\MOC_CONFIGANSYS.CXX
C:\USERS\PROMEC\DOCUMENTS\LAMCE\EDGE_CFD\RUNEDGECFD\PLUGINEDGECFD\BUILD\MOC_FORMORDENADO.CXX
C:\USERS\PROMEC\DOCUMENTS\LAMCE\EDGE_CFD\RUNEDGECFD\PLUGINEDGECFD\BUILD\MOC_FORMS.CXX
C:\USERS\PROMEC\DOCUMENTS\LAMCE\EDGE_CFD\RUNEDGECFD\PLUGINEDGECFD\BUILD\MOC_IO.CXX
C:\USERS\PROMEC\DOCUMENTS\LAMCE\EDGE_CFD\RUNEDGECFD\PLUGINEDGECFD\BUILD\MOC_RESOURCE.CXX
C:\USERS\PROMEC\DOCUMENTS\LAMCE\EDGE_CFD\RUNEDGECFD\PLUGINEDGECFD\BUILD\MOC_RESOURCE1.CXX
C:\USERS\PROMEC\DOCUMENTS\LAMCE\EDGE_CFD\RUNEDGECFD\PLUGINEDGECFD\BUILD\MOC_RESOURCE2.CXX
C:\USERS\PROMEC\DOCUMENTS\LAMCE\EDGE_CFD\RUNEDGECFD\PLUGINEDGECFD\BUILD\MOC_RUNEDGECFD.CXX
C:\USERS\PROMEC\DOCUMENTS\LAMCE\EDGE_CFD\RUNEDGECFD\PLUGINEDGECFD\BUILD\MOC_VIEWVTK.CXX
C:\USERS\PROMEC\DOCUMENTS\LAMCE\EDGE_CFD\RUNEDGECFD\PLUGINEDGECFD\BUILD\QRC_RUNEDGECFD.CXX
C:\Users\PROMEC\Documents\LAMCE\EDGE_CFD\RunEdgeCFD\PluginEdgeCFD\build\runEdgeCFD.dir\Debug\cl.command.1.tlog
C:\Users\PROMEC\Documents\LAMCE\EDGE_CFD\RunEdgeCFD\PluginEdgeCFD\build\runEdgeCFD.dir\Debug\CL.read.1.tlog
C:\Users\PROMEC\Documents\LAMCE\EDGE_CFD\RunEdgeCFD\PluginEdgeCFD\build\runEdgeCFD.dir\Debug\CL.write.1.tlog
C:\USERS\PROMEC\DOCUMENTS\LAMCE\EDGE_CFD\RUNEDGECFD\PLUGINEDGECFD\BUILD\RUNEDGECFD.DIR\DEBUG\CONFIGANSYS.OBJ
C:\Users\PROMEC\Documents\LAMCE\EDGE_CFD\RunEdgeCFD\PluginEdgeCFD\build\runEdgeCFD.dir\Debug\custombuild.command.1.tlog
C:\Users\PROMEC\Documents\LAMCE\EDGE_CFD\RunEdgeCFD\PluginEdgeCFD\build\runEdgeCFD.dir\Debug\custombuild.read.1.tlog
C:\Users\PROMEC\Documents\LAMCE\EDGE_CFD\RunEdgeCFD\PluginEdgeCFD\build\runEdgeCFD.dir\Debug\custombuild.write.1.tlog
C:\USERS\PROMEC\DOCUMENTS\LAMCE\EDGE_CFD\RUNEDGECFD\PLUGINEDGECFD\BUILD\RUNEDGECFD.DIR\DEBUG\IO.OBJ
C:\Users\PROMEC\Documents\LAMCE\EDGE_CFD\RunEdgeCFD\PluginEdgeCFD\build\runEdgeCFD.dir\Debug\link.11304.read.1.tlog
C:\Users\PROMEC\Documents\LAMCE\EDGE_CFD\RunEdgeCFD\PluginEdgeCFD\build\runEdgeCFD.dir\Debug\link.11304.write.1.tlog
C:\Users\PROMEC\Documents\LAMCE\EDGE_CFD\RunEdgeCFD\PluginEdgeCFD\build\runEdgeCFD.dir\Debug\link.11304-cvtres.read.1.tlog
C:\Users\PROMEC\Documents\LAMCE\EDGE_CFD\RunEdgeCFD\PluginEdgeCFD\build\runEdgeCFD.dir\Debug\link.11304-cvtres.write.1.tlog
C:\Users\PROMEC\Documents\LAMCE\EDGE_CFD\RunEdgeCFD\PluginEdgeCFD\build\runEdgeCFD.dir\Debug\link.command.1.tlog
C:\Users\PROMEC\Documents\LAMCE\EDGE_CFD\RunEdgeCFD\PluginEdgeCFD\build\runEdgeCFD.dir\Debug\link.read.1.tlog
C:\Users\PROMEC\Documents\LAMCE\EDGE_CFD\RunEdgeCFD\PluginEdgeCFD\build\runEdgeCFD.dir\Debug\link.write.1.tlog
C:\Users\PROMEC\Documents\LAMCE\EDGE_CFD\RunEdgeCFD\PluginEdgeCFD\build\runEdgeCFD.dir\Debug\link-cvtres.read.1.tlog
C:\Users\PROMEC\Documents\LAMCE\EDGE_CFD\RunEdgeCFD\PluginEdgeCFD\build\runEdgeCFD.dir\Debug\link-cvtres.write.1.tlog
C:\USERS\PROMEC\DOCUMENTS\LAMCE\EDGE_CFD\RUNEDGECFD\PLUGINEDGECFD\BUILD\RUNEDGECFD.DIR\DEBUG\MAIN.OBJ
C:\USERS\PROMEC\DOCUMENTS\LAMCE\EDGE_CFD\RUNEDGECFD\PLUGINEDGECFD\BUILD\RUNEDGECFD.DIR\DEBUG\MOC_CONFIGANSYS.OBJ
C:\USERS\PROMEC\DOCUMENTS\LAMCE\EDGE_CFD\RUNEDGECFD\PLUGINEDGECFD\BUILD\RUNEDGECFD.DIR\DEBUG\MOC_FORMORDENADO.OBJ
C:\USERS\PROMEC\DOCUMENTS\LAMCE\EDGE_CFD\RUNEDGECFD\PLUGINEDGECFD\BUILD\RUNEDGECFD.DIR\DEBUG\MOC_FORMS.OBJ
C:\USERS\PROMEC\DOCUMENTS\LAMCE\EDGE_CFD\RUNEDGECFD\PLUGINEDGECFD\BUILD\RUNEDGECFD.DIR\DEBUG\MOC_IO.OBJ
C:\USERS\PROMEC\DOCUMENTS\LAMCE\EDGE_CFD\RUNEDGECFD\PLUGINEDGECFD\BUILD\RUNEDGECFD.DIR\DEBUG\MOC_RESOURCE.OBJ
C:\USERS\PROMEC\DOCUMENTS\LAMCE\EDGE_CFD\RUNEDGECFD\PLUGINEDGECFD\BUILD\RUNEDGECFD.DIR\DEBUG\MOC_RESOURCE1.OBJ
C:\USERS\PROMEC\DOCUMENTS\LAMCE\EDGE_CFD\RUNEDGECFD\PLUGINEDGECFD\BUILD\RUNEDGECFD.DIR\DEBUG\MOC_RESOURCE2.OBJ
C:\USERS\PROMEC\DOCUMENTS\LAMCE\EDGE_CFD\RUNEDGECFD\PLUGINEDGECFD\BUILD\RUNEDGECFD.DIR\DEBUG\MOC_RUNEDGECFD.OBJ
C:\USERS\PROMEC\DOCUMENTS\LAMCE\EDGE_CFD\RUNEDGECFD\PLUGINEDGECFD\BUILD\RUNEDGECFD.DIR\DEBUG\MOC_VIEWVTK.OBJ
C:\Users\PROMEC\Documents\LAMCE\EDGE_CFD\RunEdgeCFD\PluginEdgeCFD\build\runEdgeCFD.dir\Debug\mt.command.1.tlog
C:\Users\PROMEC\Documents\LAMCE\EDGE_CFD\RunEdgeCFD\PluginEdgeCFD\build\runEdgeCFD.dir\Debug\mt.read.1.tlog
C:\Users\PROMEC\Documents\LAMCE\EDGE_CFD\RunEdgeCFD\PluginEdgeCFD\build\runEdgeCFD.dir\Debug\mt.write.1.tlog
C:\USERS\PROMEC\DOCUMENTS\LAMCE\EDGE_CFD\RUNEDGECFD\PLUGINEDGECFD\BUILD\RUNEDGECFD.DIR\DEBUG\QRC_RUNEDGECFD.OBJ
C:\Users\PROMEC\Documents\LAMCE\EDGE_CFD\RunEdgeCFD\PluginEdgeCFD\build\runEdgeCFD.dir\Debug\rc.command.1.tlog
C:\Users\PROMEC\Documents\LAMCE\EDGE_CFD\RunEdgeCFD\PluginEdgeCFD\build\runEdgeCFD.dir\Debug\rc.read.1.tlog
C:\Users\PROMEC\Documents\LAMCE\EDGE_CFD\RunEdgeCFD\PluginEdgeCFD\build\runEdgeCFD.dir\Debug\rc.write.1.tlog
C:\USERS\PROMEC\DOCUMENTS\LAMCE\EDGE_CFD\RUNEDGECFD\PLUGINEDGECFD\BUILD\RUNEDGECFD.DIR\DEBUG\RUNEDGECFD.EXE.EMBED.MANIFEST
C:\USERS\PROMEC\DOCUMENTS\LAMCE\EDGE_CFD\RUNEDGECFD\PLUGINEDGECFD\BUILD\RUNEDGECFD.DIR\DEBUG\RUNEDGECFD.EXE.EMBED.MANIFEST.RES
C:\USERS\PROMEC\DOCUMENTS\LAMCE\EDGE_CFD\RUNEDGECFD\PLUGINEDGECFD\BUILD\RUNEDGECFD.DIR\DEBUG\RUNEDGECFD.EXE.INTERMEDIATE.MANIFEST
C:\USERS\PROMEC\DOCUMENTS\LAMCE\EDGE_CFD\RUNEDGECFD\PLUGINEDGECFD\BUILD\RUNEDGECFD.DIR\DEBUG\RUNEDGECFD.OBJ
C:\Users\PROMEC\Documents\LAMCE\EDGE_CFD\RunEdgeCFD\PluginEdgeCFD\build\runEdgeCFD.dir\Debug\runEdgeCFD.write.1.tlog
C:\Users\PROMEC\Documents\LAMCE\EDGE_CFD\RunEdgeCFD\PluginEdgeCFD\build\runEdgeCFD.dir\Debug\runEdgeCFD_manifest.rc
C:\USERS\PROMEC\DOCUMENTS\LAMCE\EDGE_CFD\RUNEDGECFD\PLUGINEDGECFD\BUILD\RUNEDGECFD.DIR\DEBUG\VIEWVTK.OBJ
C:\USERS\PROMEC\DOCUMENTS\LAMCE\EDGE_CFD\RUNEDGECFD\PLUGINEDGECFD\BUILD\UI_CONFIGANSYS.H
C:\USERS\PROMEC\DOCUMENTS\LAMCE\EDGE_CFD\RUNEDGECFD\PLUGINEDGECFD\BUILD\UI_MENUANSYS.H
C:\USERS\PROMEC\DOCUMENTS\LAMCE\EDGE_CFD\RUNEDGECFD\PLUGINEDGECFD\BUILD\UI_RUNEDGECFD.H
